<?xml version="1.0" encoding="UTF-8"?>
<testsuite name="group144.avltree.stepyrev.AVLTreeTest" tests="17" skipped="0" failures="0" errors="0" timestamp="2019-05-03T15:35:35" hostname="Danik" time="0.068">
  <properties/>
  <testcase name="containsTest()" classname="group144.avltree.stepyrev.AVLTreeTest" time="0.012"/>
  <testcase name="toArrayTest()" classname="group144.avltree.stepyrev.AVLTreeTest" time="0.002"/>
  <testcase name="retainAll()" classname="group144.avltree.stepyrev.AVLTreeTest" time="0.001"/>
  <testcase name="makeBigRotate()" classname="group144.avltree.stepyrev.AVLTreeTest" time="0.026"/>
  <testcase name="removeString()" classname="group144.avltree.stepyrev.AVLTreeTest" time="0.001"/>
  <testcase name="makeRightRotate()" classname="group144.avltree.stepyrev.AVLTreeTest" time="0.001"/>
  <testcase name="addFirstTenElements()" classname="group144.avltree.stepyrev.AVLTreeTest" time="0.001"/>
  <testcase name="removeAloneElement()" classname="group144.avltree.stepyrev.AVLTreeTest" time="0.0"/>
  <testcase name="addString()" classname="group144.avltree.stepyrev.AVLTreeTest" time="0.001"/>
  <testcase name="addSimilarElements()" classname="group144.avltree.stepyrev.AVLTreeTest" time="0.0"/>
  <testcase name="removeAllTest()" classname="group144.avltree.stepyrev.AVLTreeTest" time="0.001"/>
  <testcase name="iteratorTest()" classname="group144.avltree.stepyrev.AVLTreeTest" time="0.001"/>
  <testcase name="sizeTest()" classname="group144.avltree.stepyrev.AVLTreeTest" time="0.0"/>
  <testcase name="removeRoot()" classname="group144.avltree.stepyrev.AVLTreeTest" time="0.001"/>
  <testcase name="removeRightest()" classname="group144.avltree.stepyrev.AVLTreeTest" time="0.002"/>
  <testcase name="containingAllTest()" classname="group144.avltree.stepyrev.AVLTreeTest" time="0.001"/>
  <testcase name="makeLeftRotate()" classname="group144.avltree.stepyrev.AVLTreeTest" time="0.001"/>
  <system-out><![CDATA[]]></system-out>
  <system-err><![CDATA[]]></system-err>
</testsuite>
