<?xml version="1.0" encoding="UTF-8"?>
<testsuite name="group144.uniquelist.stepyrev.UniqueListTest" tests="6" skipped="0" failures="0" errors="0" timestamp="2019-06-10T16:07:13" hostname="Danik" time="0.004">
  <properties/>
  <testcase name="addFirst()" classname="group144.uniquelist.stepyrev.UniqueListTest" time="0.0"/>
  <testcase name="addLast()" classname="group144.uniquelist.stepyrev.UniqueListTest" time="0.0"/>
  <testcase name="addLastSimilarOne()" classname="group144.uniquelist.stepyrev.UniqueListTest" time="0.001"/>
  <testcase name="add()" classname="group144.uniquelist.stepyrev.UniqueListTest" time="0.001"/>
  <testcase name="addFirstSimilarOne()" classname="group144.uniquelist.stepyrev.UniqueListTest" time="0.0"/>
  <testcase name="addSimilarOne()" classname="group144.uniquelist.stepyrev.UniqueListTest" time="0.0"/>
  <system-out><![CDATA[]]></system-out>
  <system-err><![CDATA[]]></system-err>
</testsuite>
